[2025-05-07 23:03:33]     INFO Calculated Good Time Intervals for:
PosHist file: glg_poshist_all_171101_v01.fit
 Detector: n0
Source RA: 83.633218
Source DEC: 22.014464
GTI:
          START          STOP DET
0  5.311966e+08  5.311967e+08  n0
1  5.312182e+08  5.312187e+08  n0
2  5.312296e+08  5.312310e+08  n0
3  5.312411e+08  5.312424e+08  n0
4  5.312525e+08  5.312538e+08  n0
5  5.312640e+08  5.312653e+08  n0
Total exposure 5865.000001013279
 (filterttedataforsource.py:193)
[2025-05-07 23:03:33]     INFO No tte file found for detecotor n0 (filterttedataforsource.py:49)
[2025-05-07 23:03:33]     INFO No data for detector n0 on date 171101 albeit GTI is > 0 - should not happen unless tte files are missing - please check corresponding files in ../ (gbmpulsarpipe.py:154)
[2025-05-07 23:03:34]     INFO Calculated Good Time Intervals for:
PosHist file: glg_poshist_all_171101_v01.fit
 Detector: n1
Source RA: 83.633218
Source DEC: 22.014464
GTI:
          START          STOP DET
0  5.312184e+08  5.312187e+08  n1
1  5.312298e+08  5.312306e+08  n1
2  5.312413e+08  5.312420e+08  n1
3  5.312527e+08  5.312534e+08  n1
4  5.312641e+08  5.312649e+08  n1
Total exposure 3185.000001013279
 (filterttedataforsource.py:193)
[2025-05-07 23:03:34]     INFO No tte file found for detecotor n1 (filterttedataforsource.py:49)
[2025-05-07 23:03:34]     INFO No data for detector n1 on date 171101 albeit GTI is > 0 - should not happen unless tte files are missing - please check corresponding files in ../ (gbmpulsarpipe.py:154)
[2025-05-07 23:03:35]     INFO No GTI for detector n2 (gbmpulsarpipe.py:148)
[2025-05-07 23:03:36]     INFO Calculated Good Time Intervals for:
PosHist file: glg_poshist_all_171101_v01.fit
 Detector: n3
Source RA: 83.633218
Source DEC: 22.014464
GTI:
          START          STOP DET
0  5.312065e+08  5.312065e+08  n3
1  5.312179e+08  5.312187e+08  n3
2  5.312293e+08  5.312308e+08  n3
3  5.312408e+08  5.312423e+08  n3
4  5.312522e+08  5.312537e+08  n3
5  5.312638e+08  5.312651e+08  n3
Total exposure 6599.000007033348
 (filterttedataforsource.py:193)
[2025-05-07 23:03:36]     INFO No tte file found for detecotor n3 (filterttedataforsource.py:49)
[2025-05-07 23:03:36]     INFO No data for detector n3 on date 171101 albeit GTI is > 0 - should not happen unless tte files are missing - please check corresponding files in ../ (gbmpulsarpipe.py:154)
[2025-05-07 23:03:37]     INFO No GTI for detector n4 (gbmpulsarpipe.py:148)
[2025-05-07 23:03:38]     INFO No GTI for detector n5 (gbmpulsarpipe.py:148)
[2025-05-07 23:03:39]     INFO Calculated Good Time Intervals for:
PosHist file: glg_poshist_all_171101_v01.fit
 Detector: n6
Source RA: 83.633218
Source DEC: 22.014464
GTI:
           START          STOP DET
0   5.311911e+08  5.311922e+08  n6
1   5.311966e+08  5.311968e+08  n6
2   5.312025e+08  5.312036e+08  n6
3   5.312061e+08  5.312065e+08  n6
4   5.312144e+08  5.312151e+08  n6
5   5.312175e+08  5.312187e+08  n6
6   5.312261e+08  5.312265e+08  n6
7   5.312289e+08  5.312311e+08  n6
8   5.312368e+08  5.312379e+08  n6
9   5.312403e+08  5.312425e+08  n6
10  5.312482e+08  5.312494e+08  n6
11  5.312518e+08  5.312539e+08  n6
12  5.312596e+08  5.312608e+08  n6
13  5.312638e+08  5.312654e+08  n6
14  5.312711e+08  5.312722e+08  n6
Total exposure 17769.000007033348
 (filterttedataforsource.py:193)
[2025-05-07 23:03:39]     INFO No tte file found for detecotor n6 (filterttedataforsource.py:49)
[2025-05-07 23:03:39]     INFO No data for detector n6 on date 171101 albeit GTI is > 0 - should not happen unless tte files are missing - please check corresponding files in ../ (gbmpulsarpipe.py:154)
[2025-05-07 23:03:40]     INFO Calculated Good Time Intervals for:
PosHist file: glg_poshist_all_171101_v01.fit
 Detector: n7
Source RA: 83.633218
Source DEC: 22.014464
GTI:
           START          STOP DET
0   5.311911e+08  5.311922e+08  n7
1   5.311966e+08  5.311967e+08  n7
2   5.312025e+08  5.312036e+08  n7
3   5.312061e+08  5.312065e+08  n7
4   5.312144e+08  5.312151e+08  n7
5   5.312175e+08  5.312183e+08  n7
6   5.312261e+08  5.312265e+08  n7
7   5.312289e+08  5.312297e+08  n7
8   5.312304e+08  5.312310e+08  n7
9   5.312368e+08  5.312379e+08  n7
10  5.312403e+08  5.312412e+08  n7
11  5.312418e+08  5.312425e+08  n7
12  5.312482e+08  5.312494e+08  n7
13  5.312518e+08  5.312526e+08  n7
14  5.312532e+08  5.312539e+08  n7
15  5.312596e+08  5.312608e+08  n7
16  5.312638e+08  5.312640e+08  n7
17  5.312646e+08  5.312653e+08  n7
18  5.312711e+08  5.312722e+08  n7
Total exposure 14744.00000602007
 (filterttedataforsource.py:193)
[2025-05-07 23:03:40]     INFO No tte file found for detecotor n7 (filterttedataforsource.py:49)
[2025-05-07 23:03:40]     INFO No data for detector n7 on date 171101 albeit GTI is > 0 - should not happen unless tte files are missing - please check corresponding files in ../ (gbmpulsarpipe.py:154)
[2025-05-07 23:03:41]     INFO Calculated Good Time Intervals for:
PosHist file: glg_poshist_all_171101_v01.fit
 Detector: n8
Source RA: 83.633218
Source DEC: 22.014464
GTI:
           START          STOP DET
0   5.311917e+08  5.311922e+08  n8
1   5.312031e+08  5.312036e+08  n8
2   5.312062e+08  5.312065e+08  n8
3   5.312145e+08  5.312151e+08  n8
4   5.312177e+08  5.312180e+08  n8
5   5.312261e+08  5.312265e+08  n8
6   5.312291e+08  5.312294e+08  n8
7   5.312374e+08  5.312379e+08  n8
8   5.312405e+08  5.312409e+08  n8
9   5.312488e+08  5.312494e+08  n8
10  5.312520e+08  5.312523e+08  n8
11  5.312602e+08  5.312608e+08  n8
12  5.312716e+08  5.312722e+08  n8
Total exposure 5874.000006020069
 (filterttedataforsource.py:193)
[2025-05-07 23:03:41]     INFO No tte file found for detecotor n8 (filterttedataforsource.py:49)
[2025-05-07 23:03:41]     INFO No data for detector n8 on date 171101 albeit GTI is > 0 - should not happen unless tte files are missing - please check corresponding files in ../ (gbmpulsarpipe.py:154)
[2025-05-07 23:03:42]     INFO Calculated Good Time Intervals for:
PosHist file: glg_poshist_all_171101_v01.fit
 Detector: n9
Source RA: 83.633218
Source DEC: 22.014464
GTI:
           START          STOP DET
0   5.311906e+08  5.311907e+08  n9
1   5.311908e+08  5.311916e+08  n9
2   5.311966e+08  5.311970e+08  n9
3   5.312025e+08  5.312030e+08  n9
4   5.312144e+08  5.312144e+08  n9
5   5.312246e+08  5.312247e+08  n9
6   5.312306e+08  5.312313e+08  n9
7   5.312360e+08  5.312373e+08  n9
8   5.312420e+08  5.312427e+08  n9
9   5.312474e+08  5.312487e+08  n9
10  5.312534e+08  5.312541e+08  n9
11  5.312588e+08  5.312601e+08  n9
12  5.312649e+08  5.312656e+08  n9
13  5.312702e+08  5.312715e+08  n9
Total exposure 9722.000001013279
 (filterttedataforsource.py:193)
[2025-05-07 23:03:42]     INFO No tte file found for detecotor n9 (filterttedataforsource.py:49)
[2025-05-07 23:03:42]     INFO No data for detector n9 on date 171101 albeit GTI is > 0 - should not happen unless tte files are missing - please check corresponding files in ../ (gbmpulsarpipe.py:154)
[2025-05-07 23:03:43]     INFO Calculated Good Time Intervals for:
PosHist file: glg_poshist_all_171101_v01.fit
 Detector: na
Source RA: 83.633218
Source DEC: 22.014464
GTI:
           START          STOP DET
0   5.311906e+08  5.311911e+08  na
1   5.311968e+08  5.311979e+08  na
2   5.312085e+08  5.312094e+08  na
3   5.312118e+08  5.312126e+08  na
4   5.312203e+08  5.312208e+08  na
5   5.312232e+08  5.312247e+08  na
6   5.312311e+08  5.312322e+08  na
7   5.312346e+08  5.312368e+08  na
8   5.312425e+08  5.312436e+08  na
9   5.312461e+08  5.312482e+08  na
10  5.312539e+08  5.312551e+08  na
11  5.312575e+08  5.312596e+08  na
12  5.312654e+08  5.312665e+08  na
13  5.312702e+08  5.312711e+08  na
Total exposure 17205.000008046627
 (filterttedataforsource.py:193)
[2025-05-07 23:03:43]     INFO No tte file found for detecotor na (filterttedataforsource.py:49)
[2025-05-07 23:03:43]     INFO No data for detector na on date 171101 albeit GTI is > 0 - should not happen unless tte files are missing - please check corresponding files in ../ (gbmpulsarpipe.py:154)
[2025-05-07 23:03:44]     INFO Calculated Good Time Intervals for:
PosHist file: glg_poshist_all_171101_v01.fit
 Detector: nb
Source RA: 83.633218
Source DEC: 22.014464
GTI:
           START          STOP DET
0   5.311906e+08  5.311911e+08  nb
1   5.311967e+08  5.311972e+08  nb
2   5.312025e+08  5.312026e+08  nb
3   5.312061e+08  5.312061e+08  nb
4   5.312085e+08  5.312087e+08  nb
5   5.312119e+08  5.312126e+08  nb
6   5.312175e+08  5.312175e+08  nb
7   5.312233e+08  5.312247e+08  nb
8   5.312289e+08  5.312290e+08  nb
9   5.312310e+08  5.312316e+08  nb
10  5.312347e+08  5.312368e+08  nb
11  5.312403e+08  5.312404e+08  nb
12  5.312425e+08  5.312431e+08  nb
13  5.312462e+08  5.312483e+08  nb
14  5.312518e+08  5.312519e+08  nb
15  5.312539e+08  5.312545e+08  nb
16  5.312576e+08  5.312597e+08  nb
17  5.312653e+08  5.312660e+08  nb
18  5.312702e+08  5.312711e+08  nb
Total exposure 13715.000008046627
 (filterttedataforsource.py:193)
[2025-05-07 23:03:44]     INFO No tte file found for detecotor nb (filterttedataforsource.py:49)
[2025-05-07 23:03:44]     INFO No data for detector nb on date 171101 albeit GTI is > 0 - should not happen unless tte files are missing - please check corresponding files in ../ (gbmpulsarpipe.py:154)
[2025-05-07 23:03:44]  WARNING Pipeline produced no output for all detectors. (gbmpulsarpipe.py:195)
[2025-05-07 23:04:19]     INFO Calculated Good Time Intervals for:
PosHist file: glg_poshist_all_171101_v01.fit
 Detector: n0
Source RA: 83.633218
Source DEC: 22.014464
GTI:
          START          STOP DET
0  5.311966e+08  5.311967e+08  n0
1  5.312182e+08  5.312187e+08  n0
2  5.312296e+08  5.312310e+08  n0
3  5.312411e+08  5.312424e+08  n0
4  5.312525e+08  5.312538e+08  n0
5  5.312640e+08  5.312653e+08  n0
Total exposure 5865.000001013279
 (filterttedataforsource.py:193)
[2025-05-07 23:04:20]     INFO Calculated Good Time Intervals for:
PosHist file: glg_poshist_all_171101_v01.fit
 Detector: n1
Source RA: 83.633218
Source DEC: 22.014464
GTI:
          START          STOP DET
0  5.312184e+08  5.312187e+08  n1
1  5.312298e+08  5.312306e+08  n1
2  5.312413e+08  5.312420e+08  n1
3  5.312527e+08  5.312534e+08  n1
4  5.312641e+08  5.312649e+08  n1
Total exposure 3185.000001013279
 (filterttedataforsource.py:193)
[2025-05-07 23:04:21]     INFO No GTI for detector n2 (gbmpulsarpipe.py:148)
[2025-05-07 23:04:22]     INFO Calculated Good Time Intervals for:
PosHist file: glg_poshist_all_171101_v01.fit
 Detector: n3
Source RA: 83.633218
Source DEC: 22.014464
GTI:
          START          STOP DET
0  5.312065e+08  5.312065e+08  n3
1  5.312179e+08  5.312187e+08  n3
2  5.312293e+08  5.312308e+08  n3
3  5.312408e+08  5.312423e+08  n3
4  5.312522e+08  5.312537e+08  n3
5  5.312638e+08  5.312651e+08  n3
Total exposure 6599.000007033348
 (filterttedataforsource.py:193)
[2025-05-07 23:04:23]     INFO No GTI for detector n4 (gbmpulsarpipe.py:148)
[2025-05-07 23:04:24]     INFO No GTI for detector n5 (gbmpulsarpipe.py:148)
[2025-05-07 23:04:25]     INFO Calculated Good Time Intervals for:
PosHist file: glg_poshist_all_171101_v01.fit
 Detector: n6
Source RA: 83.633218
Source DEC: 22.014464
GTI:
           START          STOP DET
0   5.311911e+08  5.311922e+08  n6
1   5.311966e+08  5.311968e+08  n6
2   5.312025e+08  5.312036e+08  n6
3   5.312061e+08  5.312065e+08  n6
4   5.312144e+08  5.312151e+08  n6
5   5.312175e+08  5.312187e+08  n6
6   5.312261e+08  5.312265e+08  n6
7   5.312289e+08  5.312311e+08  n6
8   5.312368e+08  5.312379e+08  n6
9   5.312403e+08  5.312425e+08  n6
10  5.312482e+08  5.312494e+08  n6
11  5.312518e+08  5.312539e+08  n6
12  5.312596e+08  5.312608e+08  n6
13  5.312638e+08  5.312654e+08  n6
14  5.312711e+08  5.312722e+08  n6
Total exposure 17769.000007033348
 (filterttedataforsource.py:193)
[2025-05-07 23:04:27]     INFO Calculated Good Time Intervals for:
PosHist file: glg_poshist_all_171101_v01.fit
 Detector: n7
Source RA: 83.633218
Source DEC: 22.014464
GTI:
           START          STOP DET
0   5.311911e+08  5.311922e+08  n7
1   5.311966e+08  5.311967e+08  n7
2   5.312025e+08  5.312036e+08  n7
3   5.312061e+08  5.312065e+08  n7
4   5.312144e+08  5.312151e+08  n7
5   5.312175e+08  5.312183e+08  n7
6   5.312261e+08  5.312265e+08  n7
7   5.312289e+08  5.312297e+08  n7
8   5.312304e+08  5.312310e+08  n7
9   5.312368e+08  5.312379e+08  n7
10  5.312403e+08  5.312412e+08  n7
11  5.312418e+08  5.312425e+08  n7
12  5.312482e+08  5.312494e+08  n7
13  5.312518e+08  5.312526e+08  n7
14  5.312532e+08  5.312539e+08  n7
15  5.312596e+08  5.312608e+08  n7
16  5.312638e+08  5.312640e+08  n7
17  5.312646e+08  5.312653e+08  n7
18  5.312711e+08  5.312722e+08  n7
Total exposure 14744.00000602007
 (filterttedataforsource.py:193)
[2025-05-07 23:04:28]     INFO Calculated Good Time Intervals for:
PosHist file: glg_poshist_all_171101_v01.fit
 Detector: n8
Source RA: 83.633218
Source DEC: 22.014464
GTI:
           START          STOP DET
0   5.311917e+08  5.311922e+08  n8
1   5.312031e+08  5.312036e+08  n8
2   5.312062e+08  5.312065e+08  n8
3   5.312145e+08  5.312151e+08  n8
4   5.312177e+08  5.312180e+08  n8
5   5.312261e+08  5.312265e+08  n8
6   5.312291e+08  5.312294e+08  n8
7   5.312374e+08  5.312379e+08  n8
8   5.312405e+08  5.312409e+08  n8
9   5.312488e+08  5.312494e+08  n8
10  5.312520e+08  5.312523e+08  n8
11  5.312602e+08  5.312608e+08  n8
12  5.312716e+08  5.312722e+08  n8
Total exposure 5874.000006020069
 (filterttedataforsource.py:193)
[2025-05-07 23:04:29]     INFO Calculated Good Time Intervals for:
PosHist file: glg_poshist_all_171101_v01.fit
 Detector: n9
Source RA: 83.633218
Source DEC: 22.014464
GTI:
           START          STOP DET
0   5.311906e+08  5.311907e+08  n9
1   5.311908e+08  5.311916e+08  n9
2   5.311966e+08  5.311970e+08  n9
3   5.312025e+08  5.312030e+08  n9
4   5.312144e+08  5.312144e+08  n9
5   5.312246e+08  5.312247e+08  n9
6   5.312306e+08  5.312313e+08  n9
7   5.312360e+08  5.312373e+08  n9
8   5.312420e+08  5.312427e+08  n9
9   5.312474e+08  5.312487e+08  n9
10  5.312534e+08  5.312541e+08  n9
11  5.312588e+08  5.312601e+08  n9
12  5.312649e+08  5.312656e+08  n9
13  5.312702e+08  5.312715e+08  n9
Total exposure 9722.000001013279
 (filterttedataforsource.py:193)
[2025-05-07 23:04:30]     INFO Calculated Good Time Intervals for:
PosHist file: glg_poshist_all_171101_v01.fit
 Detector: na
Source RA: 83.633218
Source DEC: 22.014464
GTI:
           START          STOP DET
0   5.311906e+08  5.311911e+08  na
1   5.311968e+08  5.311979e+08  na
2   5.312085e+08  5.312094e+08  na
3   5.312118e+08  5.312126e+08  na
4   5.312203e+08  5.312208e+08  na
5   5.312232e+08  5.312247e+08  na
6   5.312311e+08  5.312322e+08  na
7   5.312346e+08  5.312368e+08  na
8   5.312425e+08  5.312436e+08  na
9   5.312461e+08  5.312482e+08  na
10  5.312539e+08  5.312551e+08  na
11  5.312575e+08  5.312596e+08  na
12  5.312654e+08  5.312665e+08  na
13  5.312702e+08  5.312711e+08  na
Total exposure 17205.000008046627
 (filterttedataforsource.py:193)
[2025-05-07 23:04:32]     INFO Calculated Good Time Intervals for:
PosHist file: glg_poshist_all_171101_v01.fit
 Detector: nb
Source RA: 83.633218
Source DEC: 22.014464
GTI:
           START          STOP DET
0   5.311906e+08  5.311911e+08  nb
1   5.311967e+08  5.311972e+08  nb
2   5.312025e+08  5.312026e+08  nb
3   5.312061e+08  5.312061e+08  nb
4   5.312085e+08  5.312087e+08  nb
5   5.312119e+08  5.312126e+08  nb
6   5.312175e+08  5.312175e+08  nb
7   5.312233e+08  5.312247e+08  nb
8   5.312289e+08  5.312290e+08  nb
9   5.312310e+08  5.312316e+08  nb
10  5.312347e+08  5.312368e+08  nb
11  5.312403e+08  5.312404e+08  nb
12  5.312425e+08  5.312431e+08  nb
13  5.312462e+08  5.312483e+08  nb
14  5.312518e+08  5.312519e+08  nb
15  5.312539e+08  5.312545e+08  nb
16  5.312576e+08  5.312597e+08  nb
17  5.312653e+08  5.312660e+08  nb
18  5.312702e+08  5.312711e+08  nb
Total exposure 13715.000008046627
 (filterttedataforsource.py:193)
[2025-05-07 23:06:02]     INFO Total exposure summed over all good detectors: 94678.00004523993 over 9 
Total number of counts across all good detectors: 117071292
Rate = 1236.5205427243911
 (gbmpulsarpipe.py:202)
[2025-05-07 23:06:23]     INFO Total runtime: 127.00s (gbmpulsarpipe.py:282)
