[2025-05-07 23:10:05]     INFO Calculated Good Time Intervals for:
PosHist file: glg_poshist_all_171103_v01.fit
 Detector: n0
Source RA: 83.633218
Source DEC: 22.014464
GTI:
          START          STOP DET
0  5.313679e+08  5.313681e+08  n0
1  5.313897e+08  5.313900e+08  n0
2  5.314012e+08  5.314024e+08  n0
3  5.314126e+08  5.314138e+08  n0
4  5.314240e+08  5.314253e+08  n0
5  5.314355e+08  5.314367e+08  n0
Total exposure 5497.000001013279
 (filterttedataforsource.py:193)
[2025-05-07 23:10:07]     INFO Calculated Good Time Intervals for:
PosHist file: glg_poshist_all_171103_v01.fit
 Detector: n1
Source RA: 83.633218
Source DEC: 22.014464
GTI:
          START          STOP DET
0  5.313899e+08  5.313900e+08  n1
1  5.314014e+08  5.314019e+08  n1
2  5.314128e+08  5.314134e+08  n1
3  5.314242e+08  5.314248e+08  n1
4  5.314357e+08  5.314362e+08  n1
Total exposure 2247.000001013279
 (filterttedataforsource.py:193)
[2025-05-07 23:10:08]     INFO No GTI for detector n2 (gbmpulsarpipe.py:148)
[2025-05-07 23:10:09]     INFO Calculated Good Time Intervals for:
PosHist file: glg_poshist_all_171103_v01.fit
 Detector: n3
Source RA: 83.633218
Source DEC: 22.014464
GTI:
          START          STOP DET
0  5.313679e+08  5.313680e+08  n3
1  5.313894e+08  5.313900e+08  n3
2  5.314009e+08  5.314023e+08  n3
3  5.314123e+08  5.314137e+08  n3
4  5.314237e+08  5.314251e+08  n3
5  5.314353e+08  5.314366e+08  n3
Total exposure 6027.000001013279
 (filterttedataforsource.py:193)
[2025-05-07 23:10:10]     INFO No GTI for detector n4 (gbmpulsarpipe.py:148)
[2025-05-07 23:10:11]     INFO No GTI for detector n5 (gbmpulsarpipe.py:148)
[2025-05-07 23:10:12]     INFO Calculated Good Time Intervals for:
PosHist file: glg_poshist_all_171103_v01.fit
 Detector: n6
Source RA: 83.633218
Source DEC: 22.014464
GTI:
           START          STOP DET
0   5.313624e+08  5.313636e+08  n6
1   5.313679e+08  5.313682e+08  n6
2   5.313739e+08  5.313751e+08  n6
3   5.313775e+08  5.313778e+08  n6
4   5.313857e+08  5.313865e+08  n6
5   5.313889e+08  5.313900e+08  n6
6   5.313972e+08  5.313979e+08  n6
7   5.314004e+08  5.314025e+08  n6
8   5.314082e+08  5.314093e+08  n6
9   5.314118e+08  5.314139e+08  n6
10  5.314196e+08  5.314208e+08  n6
11  5.314232e+08  5.314254e+08  n6
12  5.314310e+08  5.314322e+08  n6
13  5.314353e+08  5.314368e+08  n6
14  5.314425e+08  5.314436e+08  n6
Total exposure 18253.000003039837
 (filterttedataforsource.py:193)
[2025-05-07 23:10:13]     INFO Calculated Good Time Intervals for:
PosHist file: glg_poshist_all_171103_v01.fit
 Detector: n7
Source RA: 83.633218
Source DEC: 22.014464
GTI:
           START          STOP DET
0   5.313625e+08  5.313636e+08  n7
1   5.313679e+08  5.313682e+08  n7
2   5.313739e+08  5.313751e+08  n7
3   5.313775e+08  5.313778e+08  n7
4   5.313857e+08  5.313865e+08  n7
5   5.313889e+08  5.313898e+08  n7
6   5.313972e+08  5.313979e+08  n7
7   5.314004e+08  5.314013e+08  n7
8   5.314018e+08  5.314025e+08  n7
9   5.314082e+08  5.314093e+08  n7
10  5.314118e+08  5.314127e+08  n7
11  5.314132e+08  5.314139e+08  n7
12  5.314196e+08  5.314208e+08  n7
13  5.314232e+08  5.314241e+08  n7
14  5.314246e+08  5.314254e+08  n7
15  5.314310e+08  5.314322e+08  n7
16  5.314353e+08  5.314356e+08  n7
17  5.314360e+08  5.314368e+08  n7
18  5.314425e+08  5.314436e+08  n7
Total exposure 16186.000002026558
 (filterttedataforsource.py:193)
[2025-05-07 23:10:14]     INFO Calculated Good Time Intervals for:
PosHist file: glg_poshist_all_171103_v01.fit
 Detector: n8
Source RA: 83.633218
Source DEC: 22.014464
GTI:
           START          STOP DET
0   5.313630e+08  5.313636e+08  n8
1   5.313744e+08  5.313751e+08  n8
2   5.313778e+08  5.313778e+08  n8
3   5.313859e+08  5.313865e+08  n8
4   5.313892e+08  5.313895e+08  n8
5   5.313973e+08  5.313979e+08  n8
6   5.314007e+08  5.314010e+08  n8
7   5.314087e+08  5.314093e+08  n8
8   5.314121e+08  5.314124e+08  n8
9   5.314201e+08  5.314208e+08  n8
10  5.314235e+08  5.314238e+08  n8
11  5.314316e+08  5.314322e+08  n8
12  5.314430e+08  5.314436e+08  n8
Total exposure 6346.000002026558
 (filterttedataforsource.py:193)
[2025-05-07 23:10:15]     INFO Calculated Good Time Intervals for:
PosHist file: glg_poshist_all_171103_v01.fit
 Detector: n9
Source RA: 83.633218
Source DEC: 22.014464
GTI:
           START          STOP DET
0   5.313619e+08  5.313628e+08  n9
1   5.313679e+08  5.313684e+08  n9
2   5.313738e+08  5.313743e+08  n9
3   5.313797e+08  5.313798e+08  n9
4   5.313857e+08  5.313857e+08  n9
5   5.313958e+08  5.313960e+08  n9
6   5.314022e+08  5.314027e+08  n9
7   5.314072e+08  5.314085e+08  n9
8   5.314136e+08  5.314141e+08  n9
9   5.314186e+08  5.314199e+08  n9
10  5.314251e+08  5.314256e+08  n9
11  5.314300e+08  5.314313e+08  n9
12  5.314365e+08  5.314370e+08  n9
13  5.314415e+08  5.314427e+08  n9
Total exposure 9475.000001013279
 (filterttedataforsource.py:193)
[2025-05-07 23:10:16]     INFO Calculated Good Time Intervals for:
PosHist file: glg_poshist_all_171103_v01.fit
 Detector: na
Source RA: 83.633218
Source DEC: 22.014464
GTI:
           START          STOP DET
0   5.313619e+08  5.313625e+08  na
1   5.313682e+08  5.313693e+08  na
2   5.313738e+08  5.313739e+08  na
3   5.313797e+08  5.313808e+08  na
4   5.313832e+08  5.313839e+08  na
5   5.313916e+08  5.313922e+08  na
6   5.313946e+08  5.313960e+08  na
7   5.314025e+08  5.314036e+08  na
8   5.314061e+08  5.314082e+08  na
9   5.314139e+08  5.314151e+08  na
10  5.314175e+08  5.314196e+08  na
11  5.314254e+08  5.314265e+08  na
12  5.314289e+08  5.314310e+08  na
13  5.314368e+08  5.314379e+08  na
14  5.314415e+08  5.314425e+08  na
Total exposure 17198.00000399351
 (filterttedataforsource.py:193)
[2025-05-07 23:10:17]     INFO Calculated Good Time Intervals for:
PosHist file: glg_poshist_all_171103_v01.fit
 Detector: nb
Source RA: 83.633218
Source DEC: 22.014464
GTI:
           START          STOP DET
0   5.313619e+08  5.313625e+08  nb
1   5.313682e+08  5.313691e+08  nb
2   5.313738e+08  5.313740e+08  nb
3   5.313775e+08  5.313778e+08  nb
4   5.313797e+08  5.313805e+08  nb
5   5.313833e+08  5.313839e+08  nb
6   5.313889e+08  5.313892e+08  nb
7   5.313916e+08  5.313920e+08  nb
8   5.313948e+08  5.313960e+08  nb
9   5.314004e+08  5.314007e+08  nb
10  5.314025e+08  5.314034e+08  nb
11  5.314062e+08  5.314082e+08  nb
12  5.314118e+08  5.314121e+08  nb
13  5.314139e+08  5.314149e+08  nb
14  5.314176e+08  5.314197e+08  nb
15  5.314232e+08  5.314235e+08  nb
16  5.314253e+08  5.314263e+08  nb
17  5.314290e+08  5.314311e+08  nb
18  5.314367e+08  5.314377e+08  nb
19  5.314415e+08  5.314425e+08  nb
Total exposure 17378.00000399351
 (filterttedataforsource.py:193)
[2025-05-07 23:11:51]     INFO Total exposure summed over all good detectors: 98607.00001913309 over 9 
Total number of counts across all good detectors: 125359720
Rate = 1271.306499291896
 (gbmpulsarpipe.py:202)
[2025-05-07 23:12:13]     INFO Total runtime: 130.79s (gbmpulsarpipe.py:282)
