[2025-05-07 12:23:38]     INFO Calculated Good Time Intervals for:
PosHist file: ../glg_poshist_all_171105_v01.fit
 Detector: n0
Source RA: 83.633218
Source DEC: 22.014464
GTI:
          START          STOP DET
0  5.315391e+08  5.315396e+08  n0
1  5.315510e+08  5.315510e+08  n0
2  5.315612e+08  5.315613e+08  n0
3  5.315727e+08  5.315739e+08  n0
4  5.315841e+08  5.315853e+08  n0
5  5.315956e+08  5.315967e+08  n0
6  5.316070e+08  5.316082e+08  n0
7  5.316188e+08  5.316190e+08  n0
Total exposure 5322.000006973743
 (filterttedataforsource.py:193)
[2025-05-07 12:23:39]     INFO Calculated Good Time Intervals for:
PosHist file: ../glg_poshist_all_171105_v01.fit
 Detector: n1
Source RA: 83.633218
Source DEC: 22.014464
GTI:
          START          STOP DET
0  5.315730e+08  5.315732e+08  n1
1  5.315844e+08  5.315846e+08  n1
2  5.315958e+08  5.315959e+08  n1
Total exposure 500.0
 (filterttedataforsource.py:193)
[2025-05-07 12:23:41]     INFO No GTI for detector n2 (gbmpulsarpipe.py:148)
[2025-05-07 12:23:42]     INFO Calculated Good Time Intervals for:
PosHist file: ../glg_poshist_all_171105_v01.fit
 Detector: n3
Source RA: 83.633218
Source DEC: 22.014464
GTI:
          START          STOP DET
0  5.315391e+08  5.315394e+08  n3
1  5.315610e+08  5.315613e+08  n3
2  5.315724e+08  5.315737e+08  n3
3  5.315839e+08  5.315852e+08  n3
4  5.315953e+08  5.315966e+08  n3
5  5.316067e+08  5.316080e+08  n3
6  5.316188e+08  5.316190e+08  n3
Total exposure 5952.000006973743
 (filterttedataforsource.py:193)
[2025-05-07 12:23:43]     INFO No GTI for detector n4 (gbmpulsarpipe.py:148)
[2025-05-07 12:23:44]     INFO No GTI for detector n5 (gbmpulsarpipe.py:148)
[2025-05-07 12:23:45]     INFO Calculated Good Time Intervals for:
PosHist file: ../glg_poshist_all_171105_v01.fit
 Detector: n6
Source RA: 83.633218
Source DEC: 22.014464
GTI:
           START          STOP DET
0   5.315339e+08  5.315350e+08  n6
1   5.315391e+08  5.315397e+08  n6
2   5.315453e+08  5.315465e+08  n6
3   5.315489e+08  5.315491e+08  n6
4   5.315510e+08  5.315511e+08  n6
5   5.315569e+08  5.315579e+08  n6
6   5.315604e+08  5.315613e+08  n6
7   5.315682e+08  5.315693e+08  n6
8   5.315718e+08  5.315740e+08  n6
9   5.315796e+08  5.315807e+08  n6
10  5.315832e+08  5.315854e+08  n6
11  5.315910e+08  5.315922e+08  n6
12  5.315947e+08  5.315968e+08  n6
13  5.316024e+08  5.316036e+08  n6
14  5.316067e+08  5.316083e+08  n6
15  5.316139e+08  5.316150e+08  n6
16  5.316188e+08  5.316190e+08  n6
Total exposure 18929.99999898672
 (filterttedataforsource.py:193)
[2025-05-07 12:23:46]     INFO Calculated Good Time Intervals for:
PosHist file: ../glg_poshist_all_171105_v01.fit
 Detector: n7
Source RA: 83.633218
Source DEC: 22.014464
GTI:
           START          STOP DET
0   5.315339e+08  5.315350e+08  n7
1   5.315391e+08  5.315397e+08  n7
2   5.315453e+08  5.315465e+08  n7
3   5.315489e+08  5.315491e+08  n7
4   5.315510e+08  5.315511e+08  n7
5   5.315569e+08  5.315579e+08  n7
6   5.315604e+08  5.315613e+08  n7
7   5.315682e+08  5.315693e+08  n7
8   5.315718e+08  5.315729e+08  n7
9   5.315731e+08  5.315740e+08  n7
10  5.315796e+08  5.315807e+08  n7
11  5.315832e+08  5.315843e+08  n7
12  5.315845e+08  5.315854e+08  n7
13  5.315910e+08  5.315922e+08  n7
14  5.315946e+08  5.315958e+08  n7
15  5.315959e+08  5.315969e+08  n7
16  5.316024e+08  5.316036e+08  n7
17  5.316067e+08  5.316072e+08  n7
18  5.316073e+08  5.316083e+08  n7
19  5.316139e+08  5.316150e+08  n7
20  5.316188e+08  5.316190e+08  n7
Total exposure 18589.99999898672
 (filterttedataforsource.py:193)
[2025-05-07 12:23:48]     INFO Calculated Good Time Intervals for:
PosHist file: ../glg_poshist_all_171105_v01.fit
 Detector: n8
Source RA: 83.633218
Source DEC: 22.014464
GTI:
           START          STOP DET
0   5.315343e+08  5.315350e+08  n8
1   5.315458e+08  5.315465e+08  n8
2   5.315572e+08  5.315579e+08  n8
3   5.315607e+08  5.315611e+08  n8
4   5.315686e+08  5.315693e+08  n8
5   5.315722e+08  5.315725e+08  n8
6   5.315800e+08  5.315807e+08  n8
7   5.315836e+08  5.315839e+08  n8
8   5.315914e+08  5.315922e+08  n8
9   5.315950e+08  5.315954e+08  n8
10  5.316029e+08  5.316036e+08  n8
11  5.316067e+08  5.316068e+08  n8
12  5.316143e+08  5.316150e+08  n8
Total exposure 7140.0
 (filterttedataforsource.py:193)
[2025-05-07 12:23:49]     INFO Calculated Good Time Intervals for:
PosHist file: ../glg_poshist_all_171105_v01.fit
 Detector: n9
Source RA: 83.633218
Source DEC: 22.014464
GTI:
           START          STOP DET
0   5.315332e+08  5.315342e+08  n9
1   5.315394e+08  5.315399e+08  n9
2   5.315451e+08  5.315456e+08  n9
3   5.315510e+08  5.315513e+08  n9
4   5.315569e+08  5.315570e+08  n9
5   5.315670e+08  5.315674e+08  n9
6   5.315682e+08  5.315684e+08  n9
7   5.315737e+08  5.315742e+08  n9
8   5.315784e+08  5.315799e+08  n9
9   5.315851e+08  5.315856e+08  n9
10  5.315898e+08  5.315913e+08  n9
11  5.315966e+08  5.315970e+08  n9
12  5.316012e+08  5.316027e+08  n9
13  5.316080e+08  5.316085e+08  n9
14  5.316128e+08  5.316141e+08  n9
Total exposure 10659.999995052814
 (filterttedataforsource.py:193)
[2025-05-07 12:23:50]     INFO Calculated Good Time Intervals for:
PosHist file: ../glg_poshist_all_171105_v01.fit
 Detector: na
Source RA: 83.633218
Source DEC: 22.014464
GTI:
           START          STOP DET
0   5.315332e+08  5.315339e+08  na
1   5.315397e+08  5.315408e+08  na
2   5.315451e+08  5.315453e+08  na
3   5.315511e+08  5.315522e+08  na
4   5.315546e+08  5.315552e+08  na
5   5.315628e+08  5.315636e+08  na
6   5.315661e+08  5.315674e+08  na
7   5.315740e+08  5.315750e+08  na
8   5.315775e+08  5.315796e+08  na
9   5.315854e+08  5.315865e+08  na
10  5.315889e+08  5.315910e+08  na
11  5.315969e+08  5.315979e+08  na
12  5.316004e+08  5.316024e+08  na
13  5.316083e+08  5.316093e+08  na
14  5.316128e+08  5.316139e+08  na
Total exposure 17197.999991059303
 (filterttedataforsource.py:193)
[2025-05-07 12:23:52]     INFO Calculated Good Time Intervals for:
PosHist file: ../glg_poshist_all_171105_v01.fit
 Detector: nb
Source RA: 83.633218
Source DEC: 22.014464
GTI:
           START          STOP DET
0   5.315332e+08  5.315340e+08  nb
1   5.315396e+08  5.315407e+08  nb
2   5.315451e+08  5.315454e+08  nb
3   5.315489e+08  5.315491e+08  nb
4   5.315510e+08  5.315522e+08  nb
5   5.315547e+08  5.315552e+08  nb
6   5.315604e+08  5.315608e+08  nb
7   5.315628e+08  5.315636e+08  nb
8   5.315661e+08  5.315674e+08  nb
9   5.315682e+08  5.315683e+08  nb
10  5.315718e+08  5.315722e+08  nb
11  5.315739e+08  5.315750e+08  nb
12  5.315775e+08  5.315797e+08  nb
13  5.315832e+08  5.315837e+08  nb
14  5.315853e+08  5.315865e+08  nb
15  5.315890e+08  5.315911e+08  nb
16  5.315946e+08  5.315951e+08  nb
17  5.315968e+08  5.315979e+08  nb
18  5.316004e+08  5.316026e+08  nb
19  5.316082e+08  5.316093e+08  nb
20  5.316128e+08  5.316140e+08  nb
Total exposure 20195.99998307228
 (filterttedataforsource.py:193)
[2025-05-07 12:25:31]     INFO Total exposure summed over all good detectors: 104487.99998110533 over 9 
Total number of counts across all good detectors: 133394282
Rate = 1276.6469070526935
 (gbmpulsarpipe.py:202)
[2025-05-07 12:25:55]     INFO Total runtime: 139.94s (gbmpulsarpipe.py:280)
