[2025-05-08 13:36:26]     INFO No GTI for detector n0 (gbmpulsarpipe.py:148)
[2025-05-08 13:36:27]     INFO No GTI for detector n1 (gbmpulsarpipe.py:148)
[2025-05-08 13:36:28]     INFO No GTI for detector n2 (gbmpulsarpipe.py:148)
[2025-05-08 13:36:29]     INFO No GTI for detector n3 (gbmpulsarpipe.py:148)
[2025-05-08 13:36:30]     INFO No GTI for detector n4 (gbmpulsarpipe.py:148)
[2025-05-08 13:36:31]     INFO No GTI for detector n5 (gbmpulsarpipe.py:148)
[2025-05-08 13:36:32]     INFO Calculated Good Time Intervals for:
PosHist file: ../glg_poshist_all_171126_v01.fit
 Detector: n6
Source RA: 83.633218
Source DEC: 22.014464
GTI:
           START          STOP DET
0   5.333494e+08  5.333505e+08  n6
1   5.333549e+08  5.333564e+08  n6
2   5.333609e+08  5.333620e+08  n6
3   5.333663e+08  5.333676e+08  n6
4   5.333777e+08  5.333793e+08  n6
5   5.333837e+08  5.333848e+08  n6
6   5.333891e+08  5.333907e+08  n6
7   5.333951e+08  5.333962e+08  n6
8   5.334006e+08  5.334021e+08  n6
9   5.334066e+08  5.334077e+08  n6
10  5.334120e+08  5.334136e+08  n6
11  5.334180e+08  5.334191e+08  n6
12  5.334234e+08  5.334250e+08  n6
13  5.334294e+08  5.334305e+08  n6
Total exposure 18400.0
 (filterttedataforsource.py:193)
[2025-05-08 13:36:33]     INFO Calculated Good Time Intervals for:
PosHist file: ../glg_poshist_all_171126_v01.fit
 Detector: n7
Source RA: 83.633218
Source DEC: 22.014464
GTI:
           START          STOP DET
0   5.333500e+08  5.333505e+08  n7
1   5.333510e+08  5.333512e+08  n7
2   5.333543e+08  5.333569e+08  n7
3   5.333614e+08  5.333619e+08  n7
4   5.333624e+08  5.333627e+08  n7
5   5.333657e+08  5.333677e+08  n7
6   5.333772e+08  5.333794e+08  n7
7   5.333843e+08  5.333848e+08  n7
8   5.333886e+08  5.333910e+08  n7
9   5.333957e+08  5.333962e+08  n7
10  5.333968e+08  5.333969e+08  n7
11  5.334000e+08  5.334026e+08  n7
12  5.334071e+08  5.334076e+08  n7
13  5.334082e+08  5.334083e+08  n7
14  5.334114e+08  5.334140e+08  n7
15  5.334185e+08  5.334191e+08  n7
16  5.334197e+08  5.334197e+08  n7
17  5.334229e+08  5.334254e+08  n7
18  5.334299e+08  5.334305e+08  n7
Total exposure 21414.99999898672
 (filterttedataforsource.py:193)
[2025-05-08 13:36:34]     INFO Calculated Good Time Intervals for:
PosHist file: ../glg_poshist_all_171126_v01.fit
 Detector: n8
Source RA: 83.633218
Source DEC: 22.014464
GTI:
           START          STOP DET
0   5.333513e+08  5.333515e+08  n8
1   5.333542e+08  5.333567e+08  n8
2   5.333627e+08  5.333630e+08  n8
3   5.333656e+08  5.333687e+08  n8
4   5.333715e+08  5.333744e+08  n8
5   5.333771e+08  5.333794e+08  n8
6   5.333885e+08  5.333910e+08  n8
7   5.333999e+08  5.334024e+08  n8
8   5.334084e+08  5.334087e+08  n8
9   5.334113e+08  5.334138e+08  n8
10  5.334199e+08  5.334201e+08  n8
11  5.334229e+08  5.334253e+08  n8
12  5.334313e+08  5.334315e+08  n8
Total exposure 21835.0
 (filterttedataforsource.py:193)
[2025-05-08 13:36:36]     INFO Calculated Good Time Intervals for:
PosHist file: ../glg_poshist_all_171126_v01.fit
 Detector: n9
Source RA: 83.633218
Source DEC: 22.014464
GTI:
           START          STOP DET
0   5.333485e+08  5.333512e+08  n9
1   5.333567e+08  5.333571e+08  n9
2   5.333600e+08  5.333626e+08  n9
3   5.333828e+08  5.333852e+08  n9
4   5.333901e+08  5.333903e+08  n9
5   5.333910e+08  5.333910e+08  n9
6   5.333942e+08  5.333969e+08  n9
7   5.334015e+08  5.334018e+08  n9
8   5.334025e+08  5.334028e+08  n9
9   5.334057e+08  5.334083e+08  n9
10  5.334129e+08  5.334132e+08  n9
11  5.334139e+08  5.334142e+08  n9
12  5.334171e+08  5.334197e+08  n9
13  5.334243e+08  5.334247e+08  n9
14  5.334253e+08  5.334256e+08  n9
15  5.334285e+08  5.334312e+08  n9
Total exposure 20711.999992012978
 (filterttedataforsource.py:193)
[2025-05-08 13:36:37]     INFO Calculated Good Time Intervals for:
PosHist file: ../glg_poshist_all_171126_v01.fit
 Detector: na
Source RA: 83.633218
Source DEC: 22.014464
GTI:
           START          STOP DET
0   5.333486e+08  5.333498e+08  na
1   5.333503e+08  5.333510e+08  na
2   5.333570e+08  5.333573e+08  na
3   5.333600e+08  5.333612e+08  na
4   5.333618e+08  5.333624e+08  na
5   5.333829e+08  5.333841e+08  na
6   5.333846e+08  5.333852e+08  na
7   5.333943e+08  5.333955e+08  na
8   5.333960e+08  5.333967e+08  na
9   5.334027e+08  5.334030e+08  na
10  5.334057e+08  5.334069e+08  na
11  5.334075e+08  5.334082e+08  na
12  5.334141e+08  5.334144e+08  na
13  5.334172e+08  5.334183e+08  na
14  5.334189e+08  5.334196e+08  na
15  5.334255e+08  5.334258e+08  na
16  5.334286e+08  5.334297e+08  na
17  5.334303e+08  5.334310e+08  na
Total exposure 14131.999993026257
 (filterttedataforsource.py:193)
[2025-05-08 13:36:38]     INFO Calculated Good Time Intervals for:
PosHist file: ../glg_poshist_all_171126_v01.fit
 Detector: nb
Source RA: 83.633218
Source DEC: 22.014464
GTI:
           START          STOP DET
0   5.333484e+08  5.333497e+08  nb
1   5.333501e+08  5.333515e+08  nb
2   5.333541e+08  5.333573e+08  nb
3   5.333598e+08  5.333611e+08  nb
4   5.333615e+08  5.333630e+08  nb
5   5.333655e+08  5.333687e+08  nb
6   5.333712e+08  5.333744e+08  nb
7   5.333769e+08  5.333794e+08  nb
8   5.333827e+08  5.333840e+08  nb
9   5.333844e+08  5.333852e+08  nb
10  5.333884e+08  5.333910e+08  nb
11  5.333941e+08  5.333955e+08  nb
12  5.333958e+08  5.333970e+08  nb
13  5.333998e+08  5.334030e+08  nb
14  5.334055e+08  5.334069e+08  nb
15  5.334072e+08  5.334087e+08  nb
16  5.334112e+08  5.334144e+08  nb
17  5.334170e+08  5.334183e+08  nb
18  5.334186e+08  5.334201e+08  nb
19  5.334229e+08  5.334258e+08  nb
20  5.334284e+08  5.334298e+08  nb
21  5.334300e+08  5.334315e+08  nb
Total exposure 42561.99998897314
 (filterttedataforsource.py:193)
[2025-05-08 13:46:53]     INFO Total exposure summed over all good detectors: 139055.9999729991 over 6 
Total number of counts across all good detectors: 167016669
Rate = 1201.0748837333888
 (gbmpulsarpipe.py:202)
[2025-05-08 13:47:25]     INFO Total runtime: 662.22s (gbmpulsarpipe.py:282)
